<?xml version="1.0" encoding="UTF-8"?>
<!-- Generated by org.testng.reporters.JUnitXMLReporter -->
<testsuite ignored="2" hostname="MacBook-Pro-de-Sthefany.local" failures="0" tests="1" name="Default test" time="5.414" errors="0" timestamp="2023-04-19T18:05:08 EDT">
  <testcase classname="tests.Test1" name="testSampleLogin" time="0.416"/>
  <testcase classname="tests.Test1" name="testLoginElementsExist" time="0.0">
    <ignored/>
  </testcase> <!-- testLoginElementsExist -->
  <testcase classname="tests.Test1" name="testLoginElementsInput" time="0.0">
    <ignored/>
  </testcase> <!-- testLoginElementsInput -->
</testsuite> <!-- Default test -->
