<?xml version="1.0" encoding="UTF-8"?>
<!-- Generated by org.testng.reporters.JUnitXMLReporter -->
<testsuite ignored="5" hostname="MacBook-Pro-de-Sthefany.local" failures="0" tests="11" name="Test" time="40.603" errors="0" timestamp="2023-04-19T17:44:38 EDT">
  <testcase classname="tests.Test1" name="testLoginElementsExist" time="0.234"/>
  <testcase classname="tests.Test1" name="testLoginElementsInput" time="0.2"/>
  <testcase classname="tests.Test1" name="testSampleLogin" time="0.218"/>
  <testcase classname="tests.Test2" name="testNumberOfItemsinListGroup" time="0.015"/>
  <testcase classname="tests.Test2" name="testSecondListItemBadgeText" time="0.04"/>
  <testcase classname="tests.Test2" name="testSecondListItemText" time="0.029"/>
  <testcase classname="tests.Test3" name="testDropDownButtonDefaultOption" time="0.021"/>
  <testcase classname="tests.Test3" name="testDropDownChangeSelectedOption" time="0.12"/>
  <testcase classname="tests.Test4" name="checkButtonsState" time="0.044"/>
  <testcase classname="tests.Test5" name="testWaitExpectedConditions" time="4.285"/>
  <testcase classname="tests.Test6" name="testTableCellValue" time="0.033"/>
  <testcase classname="base.TestBase" name="@AfterTest afterTest" time="0.0">
    <ignored/>
  </testcase> <!-- @AfterTest afterTest -->
  <testcase classname="base.TestBase" name="@AfterTest afterTest" time="0.0">
    <ignored/>
  </testcase> <!-- @AfterTest afterTest -->
  <testcase classname="base.TestBase" name="@AfterTest afterTest" time="0.0">
    <ignored/>
  </testcase> <!-- @AfterTest afterTest -->
  <testcase classname="base.TestBase" name="@AfterTest afterTest" time="0.0">
    <ignored/>
  </testcase> <!-- @AfterTest afterTest -->
  <testcase classname="base.TestBase" name="@AfterTest afterTest" time="0.0">
    <ignored/>
  </testcase> <!-- @AfterTest afterTest -->
</testsuite> <!-- Test -->
