<?xml version="1.0" encoding="UTF-8"?>
<testng-results ignored="2" total="3" passed="1" failed="0" skipped="0">
  <reporter-output>
  </reporter-output>
  <suite started-at="2023-04-19T18:05:02 EDT" name="Default suite" finished-at="2023-04-19T18:05:07 EDT" duration-ms="5414">
    <groups>
    </groups>
    <test started-at="2023-04-19T18:05:02 EDT" name="Default test" finished-at="2023-04-19T18:05:07 EDT" duration-ms="5414">
      <class name="tests.Test1">
        <test-method is-config="true" signature="beforeMethod()[pri:0, instance:tests.Test1@54e1c68b]" started-at="2023-04-19T18:05:02 EDT" name="beforeMethod" finished-at="2023-04-19T18:05:07 EDT" duration-ms="4742" status="PASS">
          <reporter-output>
          </reporter-output>
        </test-method> <!-- beforeMethod -->
        <test-method signature="testSampleLogin()[pri:0, instance:tests.Test1@54e1c68b]" started-at="2023-04-19T18:05:07 EDT" name="testSampleLogin" finished-at="2023-04-19T18:05:07 EDT" duration-ms="416" status="PASS">
          <reporter-output>
          </reporter-output>
        </test-method> <!-- testSampleLogin -->
        <test-method is-config="true" signature="afterMethod()[pri:0, instance:tests.Test1@54e1c68b]" started-at="2023-04-19T18:05:07 EDT" name="afterMethod" finished-at="2023-04-19T18:05:07 EDT" duration-ms="176" status="PASS">
          <reporter-output>
          </reporter-output>
        </test-method> <!-- afterMethod -->
        <test-method is-config="true" signature="afterTest()[pri:0, instance:tests.Test1@54e1c68b]" started-at="2023-04-19T18:05:07 EDT" name="afterTest" finished-at="2023-04-19T18:05:07 EDT" duration-ms="54" status="PASS">
          <reporter-output>
          </reporter-output>
        </test-method> <!-- afterTest -->
      </class> <!-- tests.Test1 -->
    </test> <!-- Default test -->
  </suite> <!-- Default suite -->
</testng-results>
