<?xml version="1.0" encoding="UTF-8"?>
<testng-results ignored="5" total="16" passed="11" failed="0" skipped="0">
  <reporter-output>
  </reporter-output>
  <suite started-at="2023-04-19T17:43:58 EDT" name="Suite" finished-at="2023-04-19T17:44:38 EDT" duration-ms="40603">
    <groups>
    </groups>
    <test started-at="2023-04-19T17:43:58 EDT" name="Test" finished-at="2023-04-19T17:44:38 EDT" duration-ms="40603">
      <class name="tests.Test2">
        <test-method is-config="true" signature="beforeMethod()[pri:0, instance:tests.Test2@121314f7]" started-at="2023-04-19T17:44:10 EDT" name="beforeMethod" finished-at="2023-04-19T17:44:12 EDT" duration-ms="2537" status="PASS">
          <reporter-output>
          </reporter-output>
        </test-method> <!-- beforeMethod -->
        <test-method signature="testNumberOfItemsinListGroup()[pri:0, instance:tests.Test2@121314f7]" started-at="2023-04-19T17:44:12 EDT" name="testNumberOfItemsinListGroup" finished-at="2023-04-19T17:44:12 EDT" duration-ms="15" status="PASS">
          <reporter-output>
          </reporter-output>
        </test-method> <!-- testNumberOfItemsinListGroup -->
        <test-method is-config="true" signature="afterMethod()[pri:0, instance:tests.Test2@121314f7]" started-at="2023-04-19T17:44:12 EDT" name="afterMethod" finished-at="2023-04-19T17:44:12 EDT" duration-ms="112" status="PASS">
          <reporter-output>
          </reporter-output>
        </test-method> <!-- afterMethod -->
        <test-method is-config="true" signature="beforeMethod()[pri:0, instance:tests.Test2@121314f7]" started-at="2023-04-19T17:44:12 EDT" name="beforeMethod" finished-at="2023-04-19T17:44:15 EDT" duration-ms="2489" status="PASS">
          <reporter-output>
          </reporter-output>
        </test-method> <!-- beforeMethod -->
        <test-method signature="testSecondListItemBadgeText()[pri:0, instance:tests.Test2@121314f7]" started-at="2023-04-19T17:44:15 EDT" name="testSecondListItemBadgeText" finished-at="2023-04-19T17:44:15 EDT" duration-ms="40" status="PASS">
          <reporter-output>
          </reporter-output>
        </test-method> <!-- testSecondListItemBadgeText -->
        <test-method is-config="true" signature="afterMethod()[pri:0, instance:tests.Test2@121314f7]" started-at="2023-04-19T17:44:15 EDT" name="afterMethod" finished-at="2023-04-19T17:44:15 EDT" duration-ms="127" status="PASS">
          <reporter-output>
          </reporter-output>
        </test-method> <!-- afterMethod -->
        <test-method is-config="true" signature="beforeMethod()[pri:0, instance:tests.Test2@121314f7]" started-at="2023-04-19T17:44:15 EDT" name="beforeMethod" finished-at="2023-04-19T17:44:18 EDT" duration-ms="2830" status="PASS">
          <reporter-output>
          </reporter-output>
        </test-method> <!-- beforeMethod -->
        <test-method signature="testSecondListItemText()[pri:0, instance:tests.Test2@121314f7]" started-at="2023-04-19T17:44:18 EDT" name="testSecondListItemText" finished-at="2023-04-19T17:44:18 EDT" duration-ms="29" status="PASS">
          <reporter-output>
          </reporter-output>
        </test-method> <!-- testSecondListItemText -->
        <test-method is-config="true" signature="afterMethod()[pri:0, instance:tests.Test2@121314f7]" started-at="2023-04-19T17:44:18 EDT" name="afterMethod" finished-at="2023-04-19T17:44:18 EDT" duration-ms="132" status="PASS">
          <reporter-output>
          </reporter-output>
        </test-method> <!-- afterMethod -->
      </class> <!-- tests.Test2 -->
      <class name="tests.Test1">
        <test-method is-config="true" signature="beforeMethod()[pri:0, instance:tests.Test1@771a660]" started-at="2023-04-19T17:43:58 EDT" name="beforeMethod" finished-at="2023-04-19T17:44:03 EDT" duration-ms="5028" status="PASS">
          <reporter-output>
          </reporter-output>
        </test-method> <!-- beforeMethod -->
        <test-method signature="testLoginElementsExist()[pri:0, instance:tests.Test1@771a660]" started-at="2023-04-19T17:44:03 EDT" name="testLoginElementsExist" finished-at="2023-04-19T17:44:03 EDT" duration-ms="234" status="PASS">
          <reporter-output>
          </reporter-output>
        </test-method> <!-- testLoginElementsExist -->
        <test-method is-config="true" signature="afterMethod()[pri:0, instance:tests.Test1@771a660]" started-at="2023-04-19T17:44:03 EDT" name="afterMethod" finished-at="2023-04-19T17:44:03 EDT" duration-ms="201" status="PASS">
          <reporter-output>
          </reporter-output>
        </test-method> <!-- afterMethod -->
        <test-method is-config="true" signature="beforeMethod()[pri:0, instance:tests.Test1@771a660]" started-at="2023-04-19T17:44:03 EDT" name="beforeMethod" finished-at="2023-04-19T17:44:06 EDT" duration-ms="2930" status="PASS">
          <reporter-output>
          </reporter-output>
        </test-method> <!-- beforeMethod -->
        <test-method signature="testLoginElementsInput()[pri:0, instance:tests.Test1@771a660]" started-at="2023-04-19T17:44:06 EDT" name="testLoginElementsInput" finished-at="2023-04-19T17:44:06 EDT" duration-ms="200" status="PASS">
          <reporter-output>
          </reporter-output>
        </test-method> <!-- testLoginElementsInput -->
        <test-method is-config="true" signature="afterMethod()[pri:0, instance:tests.Test1@771a660]" started-at="2023-04-19T17:44:06 EDT" name="afterMethod" finished-at="2023-04-19T17:44:06 EDT" duration-ms="114" status="PASS">
          <reporter-output>
          </reporter-output>
        </test-method> <!-- afterMethod -->
        <test-method is-config="true" signature="beforeMethod()[pri:0, instance:tests.Test1@771a660]" started-at="2023-04-19T17:44:06 EDT" name="beforeMethod" finished-at="2023-04-19T17:44:09 EDT" duration-ms="3017" status="PASS">
          <reporter-output>
          </reporter-output>
        </test-method> <!-- beforeMethod -->
        <test-method signature="testSampleLogin()[pri:0, instance:tests.Test1@771a660]" started-at="2023-04-19T17:44:09 EDT" name="testSampleLogin" finished-at="2023-04-19T17:44:09 EDT" duration-ms="218" status="PASS">
          <reporter-output>
          </reporter-output>
        </test-method> <!-- testSampleLogin -->
        <test-method is-config="true" signature="afterMethod()[pri:0, instance:tests.Test1@771a660]" started-at="2023-04-19T17:44:09 EDT" name="afterMethod" finished-at="2023-04-19T17:44:10 EDT" duration-ms="131" status="PASS">
          <reporter-output>
          </reporter-output>
        </test-method> <!-- afterMethod -->
        <test-method is-config="true" signature="afterTest()[pri:0, instance:tests.Test1@771a660]" started-at="2023-04-19T17:44:38 EDT" name="afterTest" finished-at="2023-04-19T17:44:38 EDT" duration-ms="59" status="PASS">
          <reporter-output>
          </reporter-output>
        </test-method> <!-- afterTest -->
      </class> <!-- tests.Test1 -->
      <class name="tests.Test6">
        <test-method is-config="true" signature="beforeMethod()[pri:0, instance:tests.Test6@5d534f5d]" started-at="2023-04-19T17:44:35 EDT" name="beforeMethod" finished-at="2023-04-19T17:44:38 EDT" duration-ms="3022" status="PASS">
          <reporter-output>
          </reporter-output>
        </test-method> <!-- beforeMethod -->
        <test-method signature="testTableCellValue()[pri:0, instance:tests.Test6@5d534f5d]" started-at="2023-04-19T17:44:38 EDT" name="testTableCellValue" finished-at="2023-04-19T17:44:38 EDT" duration-ms="33" status="PASS">
          <reporter-output>
          </reporter-output>
        </test-method> <!-- testTableCellValue -->
        <test-method is-config="true" signature="afterMethod()[pri:0, instance:tests.Test6@5d534f5d]" started-at="2023-04-19T17:44:38 EDT" name="afterMethod" finished-at="2023-04-19T17:44:38 EDT" duration-ms="124" status="PASS">
          <reporter-output>
          </reporter-output>
        </test-method> <!-- afterMethod -->
      </class> <!-- tests.Test6 -->
      <class name="tests.Test5">
        <test-method is-config="true" signature="beforeMethod()[pri:0, instance:tests.Test5@576d5deb]" started-at="2023-04-19T17:44:27 EDT" name="beforeMethod" finished-at="2023-04-19T17:44:30 EDT" duration-ms="3727" status="PASS">
          <reporter-output>
          </reporter-output>
        </test-method> <!-- beforeMethod -->
        <test-method signature="testWaitExpectedConditions()[pri:0, instance:tests.Test5@576d5deb]" started-at="2023-04-19T17:44:30 EDT" name="testWaitExpectedConditions" finished-at="2023-04-19T17:44:35 EDT" duration-ms="4285" status="PASS">
          <reporter-output>
          </reporter-output>
        </test-method> <!-- testWaitExpectedConditions -->
        <test-method is-config="true" signature="afterMethod()[pri:0, instance:tests.Test5@576d5deb]" started-at="2023-04-19T17:44:35 EDT" name="afterMethod" finished-at="2023-04-19T17:44:35 EDT" duration-ms="113" status="PASS">
          <reporter-output>
          </reporter-output>
        </test-method> <!-- afterMethod -->
      </class> <!-- tests.Test5 -->
      <class name="tests.Test4">
        <test-method is-config="true" signature="beforeMethod()[pri:0, instance:tests.Test4@5e600dd5]" started-at="2023-04-19T17:44:23 EDT" name="beforeMethod" finished-at="2023-04-19T17:44:27 EDT" duration-ms="3207" status="PASS">
          <reporter-output>
          </reporter-output>
        </test-method> <!-- beforeMethod -->
        <test-method signature="checkButtonsState()[pri:0, instance:tests.Test4@5e600dd5]" started-at="2023-04-19T17:44:27 EDT" name="checkButtonsState" finished-at="2023-04-19T17:44:27 EDT" duration-ms="44" status="PASS">
          <reporter-output>
          </reporter-output>
        </test-method> <!-- checkButtonsState -->
        <test-method is-config="true" signature="afterMethod()[pri:0, instance:tests.Test4@5e600dd5]" started-at="2023-04-19T17:44:27 EDT" name="afterMethod" finished-at="2023-04-19T17:44:27 EDT" duration-ms="117" status="PASS">
          <reporter-output>
          </reporter-output>
        </test-method> <!-- afterMethod -->
      </class> <!-- tests.Test4 -->
      <class name="tests.Test3">
        <test-method is-config="true" signature="beforeMethod()[pri:0, instance:tests.Test3@130c12b7]" started-at="2023-04-19T17:44:18 EDT" name="beforeMethod" finished-at="2023-04-19T17:44:20 EDT" duration-ms="2527" status="PASS">
          <reporter-output>
          </reporter-output>
        </test-method> <!-- beforeMethod -->
        <test-method signature="testDropDownButtonDefaultOption()[pri:0, instance:tests.Test3@130c12b7]" started-at="2023-04-19T17:44:20 EDT" name="testDropDownButtonDefaultOption" finished-at="2023-04-19T17:44:20 EDT" duration-ms="21" status="PASS">
          <reporter-output>
          </reporter-output>
        </test-method> <!-- testDropDownButtonDefaultOption -->
        <test-method is-config="true" signature="afterMethod()[pri:0, instance:tests.Test3@130c12b7]" started-at="2023-04-19T17:44:20 EDT" name="afterMethod" finished-at="2023-04-19T17:44:21 EDT" duration-ms="122" status="PASS">
          <reporter-output>
          </reporter-output>
        </test-method> <!-- afterMethod -->
        <test-method is-config="true" signature="beforeMethod()[pri:0, instance:tests.Test3@130c12b7]" started-at="2023-04-19T17:44:21 EDT" name="beforeMethod" finished-at="2023-04-19T17:44:23 EDT" duration-ms="2514" status="PASS">
          <reporter-output>
          </reporter-output>
        </test-method> <!-- beforeMethod -->
        <test-method signature="testDropDownChangeSelectedOption()[pri:0, instance:tests.Test3@130c12b7]" started-at="2023-04-19T17:44:23 EDT" name="testDropDownChangeSelectedOption" finished-at="2023-04-19T17:44:23 EDT" duration-ms="120" status="PASS">
          <reporter-output>
          </reporter-output>
        </test-method> <!-- testDropDownChangeSelectedOption -->
        <test-method is-config="true" signature="afterMethod()[pri:0, instance:tests.Test3@130c12b7]" started-at="2023-04-19T17:44:23 EDT" name="afterMethod" finished-at="2023-04-19T17:44:23 EDT" duration-ms="128" status="PASS">
          <reporter-output>
          </reporter-output>
        </test-method> <!-- afterMethod -->
      </class> <!-- tests.Test3 -->
    </test> <!-- Test -->
  </suite> <!-- Suite -->
</testng-results>
